[2025-07-30 12:28:36] Climatology generation started.
[2025-07-30 12:28:36] Processing month 01...
[2025-07-30 12:28:43] [INFO] Opening 27 files with xarray...
[2025-07-30 12:28:45] [INFO] Computing monthly mean for 01...
[2025-07-30 12:47:01] [INFO] Computing 90th percentile (30-day rolling)...
[2025-07-30 12:47:01] [ERROR] Failed to process month 01: ufunc 'subtract' did not contain a loop with signature matching types (dtype('S1'), dtype('S1')) -> None
[2025-07-30 12:47:01] Processing month 02...
[2025-07-30 12:47:06] [INFO] Opening 27 files with xarray...
[2025-07-30 12:47:09] [INFO] Computing monthly mean for 02...
[2025-07-30 13:03:42] [INFO] Computing 90th percentile (30-day rolling)...
[2025-07-30 13:03:42] [ERROR] Failed to process month 02: ufunc 'subtract' did not contain a loop with signature matching types (dtype('S1'), dtype('S1')) -> None
[2025-07-30 13:03:42] Processing month 03...
[2025-07-30 13:03:49] [INFO] Opening 27 files with xarray...
[2025-07-30 13:03:51] [INFO] Computing monthly mean for 03...
[2025-07-30 13:22:29] [INFO] Computing 90th percentile (30-day rolling)...
[2025-07-30 13:22:30] [ERROR] Failed to process month 03: ufunc 'subtract' did not contain a loop with signature matching types (dtype('S1'), dtype('S1')) -> None
[2025-07-30 13:22:30] Processing month 04...
[2025-07-30 13:22:36] [INFO] Opening 27 files with xarray...
[2025-07-30 13:22:38] [INFO] Computing monthly mean for 04...
[2025-07-30 13:40:21] [INFO] Computing 90th percentile (30-day rolling)...
[2025-07-30 13:40:21] [ERROR] Failed to process month 04: ufunc 'subtract' did not contain a loop with signature matching types (dtype('S1'), dtype('S1')) -> None
[2025-07-30 13:40:21] Processing month 05...
[2025-07-30 13:40:28] [INFO] Opening 27 files with xarray...
[2025-07-30 13:40:30] [INFO] Computing monthly mean for 05...
[2025-07-30 13:59:02] [INFO] Computing 90th percentile (30-day rolling)...
[2025-07-30 13:59:02] [ERROR] Failed to process month 05: ufunc 'subtract' did not contain a loop with signature matching types (dtype('S1'), dtype('S1')) -> None
[2025-07-30 13:59:02] Processing month 06...
[2025-07-30 13:59:08] [INFO] Opening 27 files with xarray...
[2025-07-30 13:59:10] [INFO] Computing monthly mean for 06...
[2025-07-30 14:17:10] [INFO] Computing 90th percentile (30-day rolling)...
[2025-07-30 14:17:11] [ERROR] Failed to process month 06: ufunc 'subtract' did not contain a loop with signature matching types (dtype('S1'), dtype('S1')) -> None
[2025-07-30 14:17:11] Processing month 07...
[2025-07-30 14:17:17] [INFO] Opening 27 files with xarray...
[2025-07-30 14:17:19] [INFO] Computing monthly mean for 07...
