Climatology generation started at Thu Jul 31 01:03:43 AM SAST 2025
[INFO] Processing month 01...
[INFO] Computing monthly mean for 01...
Warning (split_timevalue): Reset wrong date/time to 0000-03-01 12:00:30!
[INFO] Stacking time series for percentile computation...
Warning (split_timevalue): Reset wrong date/time to 0000-03-01 12:00:30!
[INFO] Computing 90th percentile for 01...

cdo (Abort): [4m-timselpercentile,30,90[0m /home/nc.memela/Projects/somisana-croco/configs/sa_west_02/croco_v1.3.1/CLIMATOLOGY/Climatology_with_90th/stacked_M01.nc /home/nc.memela/Projects/somisana-croco/configs/sa_west_02/croco_v1.3.1/CLIMATOLOGY/Climatology_with_90th/monthly_p90_M01.nc  
                        ^ Operator not found
Similar operators: timselpctl timselrange 
[INFO] Processing month 02...
[INFO] Computing monthly mean for 02...
Warning (split_timevalue): Reset wrong date/time to 0000-03-01 12:00:30!
cdo(1) ensmean (Warning): Inconsistent ensemble file, too few time steps in /media/nc.memela/Leviathan/MODELS/somisana-croco/configs/SA_West/croco_v1.3.1/C01_I01_GLORYS_ERA5/output//croco_avg_Y1993M02.nc!
cdo(1) ensmean (Warning): Inconsistent ensemble, processed only the first 28 timesteps!
[INFO] Stacking time series for percentile computation...
Warning (split_timevalue): Reset wrong date/time to 0000-03-01 12:00:30!
[INFO] Computing 90th percentile for 02...

cdo (Abort): [4m-timselpercentile,30,90[0m /home/nc.memela/Projects/somisana-croco/configs/sa_west_02/croco_v1.3.1/CLIMATOLOGY/Climatology_with_90th/stacked_M02.nc /home/nc.memela/Projects/somisana-croco/configs/sa_west_02/croco_v1.3.1/CLIMATOLOGY/Climatology_with_90th/monthly_p90_M02.nc  
                        ^ Operator not found
Similar operators: timselpctl timselrange 
[INFO] Processing month 03...
[INFO] Computing monthly mean for 03...
Warning (split_timevalue): Reset wrong date/time to 0000-00-01 12:00:30!
[INFO] Stacking time series for percentile computation...
Warning (split_timevalue): Reset wrong date/time to 0000-00-01 12:00:30!
[INFO] Computing 90th percentile for 03...

cdo (Abort): [4m-timselpercentile,30,90[0m /home/nc.memela/Projects/somisana-croco/configs/sa_west_02/croco_v1.3.1/CLIMATOLOGY/Climatology_with_90th/stacked_M03.nc /home/nc.memela/Projects/somisana-croco/configs/sa_west_02/croco_v1.3.1/CLIMATOLOGY/Climatology_with_90th/monthly_p90_M03.nc  
                        ^ Operator not found
Similar operators: timselpctl timselrange 
[INFO] Processing month 04...
[INFO] Computing monthly mean for 04...
Warning (split_timevalue): Reset wrong date/time to 0000-00-01 12:00:30!
[INFO] Stacking time series for percentile computation...
Warning (split_timevalue): Reset wrong date/time to 0000-00-01 12:00:30!
[INFO] Computing 90th percentile for 04...

cdo (Abort): [4m-timselpercentile,30,90[0m /home/nc.memela/Projects/somisana-croco/configs/sa_west_02/croco_v1.3.1/CLIMATOLOGY/Climatology_with_90th/stacked_M04.nc /home/nc.memela/Projects/somisana-croco/configs/sa_west_02/croco_v1.3.1/CLIMATOLOGY/Climatology_with_90th/monthly_p90_M04.nc  
                        ^ Operator not found
Similar operators: timselpctl timselrange 
[INFO] Processing month 05...
[INFO] Computing monthly mean for 05...
Warning (split_timevalue): Reset wrong date/time to 0000-04-01 12:00:30!
[INFO] Stacking time series for percentile computation...
Warning (split_timevalue): Reset wrong date/time to 0000-04-01 12:00:30!
[INFO] Computing 90th percentile for 05...

cdo (Abort): [4m-timselpercentile,30,90[0m /home/nc.memela/Projects/somisana-croco/configs/sa_west_02/croco_v1.3.1/CLIMATOLOGY/Climatology_with_90th/stacked_M05.nc /home/nc.memela/Projects/somisana-croco/configs/sa_west_02/croco_v1.3.1/CLIMATOLOGY/Climatology_with_90th/monthly_p90_M05.nc  
                        ^ Operator not found
Similar operators: timselpctl timselrange 
[INFO] Processing month 06...
[INFO] Computing monthly mean for 06...
Warning (split_timevalue): Reset wrong date/time to 0000-01-01 12:00:30!
